Warning: libpng warning: Interlace handling should be turned on when using png_read_image
Warning: libpng warning: Interlace handling should be turned on when using png_read_image
Warning: libpng warning: Interlace handling should be turned on when using png_read_image
Warning: libpng warning: Interlace handling should be turned on when using png_read_image
Warning: libpng warning: Interlace handling should be turned on when using png_read_image
Warning: QPainter::begin: Paint device returned engine == 0, type: 1
Warning: QPainter::setPen: Painter not active
Warning: QPainter::setBrush: Painter not active
Warning: QPainter::setRenderHint: Painter must be active to set rendering hints
Warning: QPainter::setPen: Painter not active
Warning: libpng warning: Interlace handling should be turned on when using png_read_image
Debug: "23:51:46 ..\..\src\propertyeditor.cpp:2619 EO: Set x 3D Max Distance" 
Debug: 
Building project 'morse_level_shared'...
Debug: Building project C:\Program Files (x86)\Steam\steamapps\common\Amnesia Rebirth\mods\Morse\assets\sounds\level\level_shared\morse_level_shared.fev...
Debug: Unique sound defs 2/4
Debug: Retrieving sound file info...
Debug: Retrieving reverb info...
Debug: FEV file written ok
Debug: Unique Envelope Points: 0 of 0
Debug: Unique Strings: 202 characters of 202
Debug: Caching sound file details for ''...
Debug: src_sounds\amb\sweetener\animal\flies.ogg
Debug: src_sounds\amb\sweetener\animal\flies_loop.ogg
Debug: src_sounds\amb\sweetener\animal\fly_bat_1.ogg
Debug: src_sounds\amb\sweetener\animal\fly_bat_2.ogg
Debug: src_sounds\amb\sweetener\animal\fly_bat_3.ogg
Debug: src_sounds\amb\sweetener\animal\fly_bat_4.ogg
Debug: src_sounds\amb\sweetener\animal\fly_bat_5.ogg
Debug: src_sounds\amb\sweetener\animal\fly_bat_6.ogg
Debug: src_sounds\amb\sweetener\animal\fly_bat_7.ogg
Debug: src_sounds\amb\sweetener\animal\fly_bat_8.ogg
Debug: src_sounds\amb\sweetener\animal\scare_loon1.ogg
Debug: src_sounds\amb\sweetener\animal\scare_loon2.ogg
Debug: src_sounds\amb\sweetener\animal\scare_loon3.ogg
Debug: src_sounds\amb\sweetener\animal\scare_loon4.ogg
Debug: Building 'morse_level_shared_bank00.fsb'
Debug: Encoded C:\Program Files (x86)\Steam\steamapps\common\Amnesia Rebirth\mods\Morse\assets\sounds\level\level_shared\src_sounds\amb\sweetener\animal\flies_loop.ogg
Debug: Encoded C:\Program Files (x86)\Steam\steamapps\common\Amnesia Rebirth\mods\Morse\assets\sounds\level\level_shared\src_sounds\amb\sweetener\animal\flies.ogg
Debug: Encoded C:\Program Files (x86)\Steam\steamapps\common\Amnesia Rebirth\mods\Morse\assets\sounds\level\level_shared\src_sounds\amb\sweetener\animal\fly_bat_2.ogg
Debug: Encoded C:\Program Files (x86)\Steam\steamapps\common\Amnesia Rebirth\mods\Morse\assets\sounds\level\level_shared\src_sounds\amb\sweetener\animal\fly_bat_1.ogg
Debug: Encoded C:\Program Files (x86)\Steam\steamapps\common\Amnesia Rebirth\mods\Morse\assets\sounds\level\level_shared\src_sounds\amb\sweetener\animal\fly_bat_3.ogg
Debug: Encoded C:\Program Files (x86)\Steam\steamapps\common\Amnesia Rebirth\mods\Morse\assets\sounds\level\level_shared\src_sounds\amb\sweetener\animal\fly_bat_4.ogg
Debug: Encoded C:\Program Files (x86)\Steam\steamapps\common\Amnesia Rebirth\mods\Morse\assets\sounds\level\level_shared\src_sounds\amb\sweetener\animal\fly_bat_5.ogg
Debug: Encoded C:\Program Files (x86)\Steam\steamapps\common\Amnesia Rebirth\mods\Morse\assets\sounds\level\level_shared\src_sounds\amb\sweetener\animal\fly_bat_6.ogg
Debug: Encoded C:\Program Files (x86)\Steam\steamapps\common\Amnesia Rebirth\mods\Morse\assets\sounds\level\level_shared\src_sounds\amb\sweetener\animal\fly_bat_7.ogg
Debug: Encoded C:\Program Files (x86)\Steam\steamapps\common\Amnesia Rebirth\mods\Morse\assets\sounds\level\level_shared\src_sounds\amb\sweetener\animal\scare_loon1.ogg
Debug: Encoded C:\Program Files (x86)\Steam\steamapps\common\Amnesia Rebirth\mods\Morse\assets\sounds\level\level_shared\src_sounds\amb\sweetener\animal\fly_bat_8.ogg
Debug: Encoded C:\Program Files (x86)\Steam\steamapps\common\Amnesia Rebirth\mods\Morse\assets\sounds\level\level_shared\src_sounds\amb\sweetener\animal\scare_loon2.ogg
Debug: Encoded C:\Program Files (x86)\Steam\steamapps\common\Amnesia Rebirth\mods\Morse\assets\sounds\level\level_shared\src_sounds\amb\sweetener\animal\scare_loon3.ogg
Debug: Encoded C:\Program Files (x86)\Steam\steamapps\common\Amnesia Rebirth\mods\Morse\assets\sounds\level\level_shared\src_sounds\amb\sweetener\animal\scare_loon4.ogg
Debug: Writing FSB...
Debug: Finished building FSB
Debug: 
Debug: 
Summary of build:
SUCCESS: C:/Program Files (x86)/Steam/steamapps/common/Amnesia Rebirth/mods/Morse/assets/sounds/level/level_shared/morse_level_shared.fev
SUCCESS: morse_level_shared_bank00.fsb
Debug: 
Building project 'morse_level_shared'...
Debug: Building project C:\Program Files (x86)\Steam\steamapps\common\Amnesia Rebirth\mods\Morse\assets\sounds\level\level_shared\morse_level_shared.fev...
Debug: Unique sound defs 2/4
Debug: Retrieving sound file info...
Debug: Retrieving reverb info...
Debug: FEV file written ok
Debug: Unique Envelope Points: 0 of 0
Debug: Unique Strings: 202 characters of 202
Debug: Caching sound file details for ''...
Debug: src_sounds\amb\sweetener\animal\flies.ogg
Debug: src_sounds\amb\sweetener\animal\flies_loop.ogg
Debug: src_sounds\amb\sweetener\animal\fly_bat_1.ogg
Debug: src_sounds\amb\sweetener\animal\fly_bat_2.ogg
Debug: src_sounds\amb\sweetener\animal\fly_bat_3.ogg
Debug: src_sounds\amb\sweetener\animal\fly_bat_4.ogg
Debug: src_sounds\amb\sweetener\animal\fly_bat_5.ogg
Debug: src_sounds\amb\sweetener\animal\fly_bat_6.ogg
Debug: src_sounds\amb\sweetener\animal\fly_bat_7.ogg
Debug: src_sounds\amb\sweetener\animal\fly_bat_8.ogg
Debug: src_sounds\amb\sweetener\animal\scare_loon1.ogg
Debug: src_sounds\amb\sweetener\animal\scare_loon2.ogg
Debug: src_sounds\amb\sweetener\animal\scare_loon3.ogg
Debug: src_sounds\amb\sweetener\animal\scare_loon4.ogg
Debug: Building 'morse_level_shared_bank00.fsb'
Debug: Encoded C:\Program Files (x86)\Steam\steamapps\common\Amnesia Rebirth\mods\Morse\assets\sounds\level\level_shared\src_sounds\amb\sweetener\animal\flies.ogg
Debug: Encoded C:\Program Files (x86)\Steam\steamapps\common\Amnesia Rebirth\mods\Morse\assets\sounds\level\level_shared\src_sounds\amb\sweetener\animal\flies_loop.ogg
Debug: Encoded C:\Program Files (x86)\Steam\steamapps\common\Amnesia Rebirth\mods\Morse\assets\sounds\level\level_shared\src_sounds\amb\sweetener\animal\fly_bat_1.ogg
Debug: Encoded C:\Program Files (x86)\Steam\steamapps\common\Amnesia Rebirth\mods\Morse\assets\sounds\level\level_shared\src_sounds\amb\sweetener\animal\fly_bat_2.ogg
Debug: Encoded C:\Program Files (x86)\Steam\steamapps\common\Amnesia Rebirth\mods\Morse\assets\sounds\level\level_shared\src_sounds\amb\sweetener\animal\fly_bat_4.ogg
Debug: Encoded C:\Program Files (x86)\Steam\steamapps\common\Amnesia Rebirth\mods\Morse\assets\sounds\level\level_shared\src_sounds\amb\sweetener\animal\fly_bat_3.ogg
Debug: Encoded C:\Program Files (x86)\Steam\steamapps\common\Amnesia Rebirth\mods\Morse\assets\sounds\level\level_shared\src_sounds\amb\sweetener\animal\fly_bat_5.ogg
Debug: Encoded C:\Program Files (x86)\Steam\steamapps\common\Amnesia Rebirth\mods\Morse\assets\sounds\level\level_shared\src_sounds\amb\sweetener\animal\fly_bat_6.ogg
Debug: Encoded C:\Program Files (x86)\Steam\steamapps\common\Amnesia Rebirth\mods\Morse\assets\sounds\level\level_shared\src_sounds\amb\sweetener\animal\fly_bat_7.ogg
Debug: Encoded C:\Program Files (x86)\Steam\steamapps\common\Amnesia Rebirth\mods\Morse\assets\sounds\level\level_shared\src_sounds\amb\sweetener\animal\fly_bat_8.ogg
Debug: Encoded C:\Program Files (x86)\Steam\steamapps\common\Amnesia Rebirth\mods\Morse\assets\sounds\level\level_shared\src_sounds\amb\sweetener\animal\scare_loon1.ogg
Debug: Encoded C:\Program Files (x86)\Steam\steamapps\common\Amnesia Rebirth\mods\Morse\assets\sounds\level\level_shared\src_sounds\amb\sweetener\animal\scare_loon3.ogg
Debug: Encoded C:\Program Files (x86)\Steam\steamapps\common\Amnesia Rebirth\mods\Morse\assets\sounds\level\level_shared\src_sounds\amb\sweetener\animal\scare_loon2.ogg
Debug: Encoded C:\Program Files (x86)\Steam\steamapps\common\Amnesia Rebirth\mods\Morse\assets\sounds\level\level_shared\src_sounds\amb\sweetener\animal\scare_loon4.ogg
Debug: Writing FSB...
Debug: Finished building FSB
Debug: 
Debug: 
Summary of build:
SUCCESS: C:/Program Files (x86)/Steam/steamapps/common/Amnesia Rebirth/mods/Morse/assets/sounds/level/level_shared/morse_level_shared.fev
SUCCESS: morse_level_shared_bank00.fsb
Debug: "23:52:26 ..\..\src\propertyeditor.cpp:4234 ER: Set x 3D Rolloff" 
Debug: "23:53:11 ..\..\src\propertyeditor.cpp:2619 EO: Set x 3D Min Distance" 
Debug: "23:53:13 ..\..\src\propertyeditor.cpp:2619 EO: Set x 3D Min Distance" 
Debug: "23:53:16 ..\..\src\propertyeditor.cpp:2619 EO: Set x 3D Max Distance" 
Debug: "23:53:43 ..\..\src\propertyslider.cpp:315 EV: Set Volume" 
Debug: "23:53:44 ..\..\src\propertyslider.cpp:315 EV: Set Volume" 
Debug: "23:53:44 ..\..\src\propertyslider.cpp:315 EV: Set Volume" 
Debug: "23:53:44 ..\..\src\propertyslider.cpp:315 EV: Set Volume" 
Debug: "23:53:44 ..\..\src\propertyslider.cpp:315 EV: Set Volume" 
Debug: "23:53:44 ..\..\src\propertyslider.cpp:315 EV: Set Volume" 
Debug: "23:53:44 ..\..\src\propertyslider.cpp:315 EV: Set Volume" 
Debug: "23:53:44 ..\..\src\propertyslider.cpp:315 EV: Set Volume" 
Debug: "23:53:44 ..\..\src\propertyslider.cpp:315 EV: Set Volume" 
Debug: "23:53:44 ..\..\src\propertyslider.cpp:315 EV: Set Volume" 
Debug: "23:53:44 ..\..\src\propertyslider.cpp:315 EV: Set Volume" 
Debug: "23:53:44 ..\..\src\propertyslider.cpp:315 EV: Set Volume" 
Debug: "23:53:45 ..\..\src\propertyslider.cpp:315 EV: Set Volume" 
Debug: "23:53:45 ..\..\src\propertyslider.cpp:315 EV: Set Volume" 
Debug: "23:53:45 ..\..\src\propertyslider.cpp:315 EV: Set Volume" 
Debug: "23:53:45 ..\..\src\propertyslider.cpp:315 EV: Set Volume" 
Debug: "23:53:45 ..\..\src\propertyslider.cpp:315 EV: Set Volume" 
Debug: "23:53:45 ..\..\src\propertyslider.cpp:315 EV: Set Volume" 
Debug: "23:53:45 ..\..\src\propertyslider.cpp:315 EV: Set Volume" 
Debug: "23:53:45 ..\..\src\propertyslider.cpp:315 EV: Set Volume" 
Debug: "23:53:45 ..\..\src\propertyslider.cpp:315 EV: Set Volume" 
Debug: "23:53:45 ..\..\src\propertyslider.cpp:315 EV: Set Volume" 
Debug: "23:53:45 ..\..\src\propertyslider.cpp:315 EV: Set Volume" 
Debug: "23:53:45 ..\..\src\propertyslider.cpp:315 EV: Set Volume" 
Debug: "23:53:45 ..\..\src\propertyslider.cpp:315 EV: Set Volume" 
Debug: "23:53:45 ..\..\src\propertyslider.cpp:315 EV: Set Volume" 
Debug: "23:53:45 ..\..\src\propertyslider.cpp:315 EV: Set Volume" 
Debug: "23:53:45 ..\..\src\propertyslider.cpp:315 EV: Set Volume" 
Debug: "23:53:45 ..\..\src\propertyslider.cpp:315 EV: Set Volume" 
Debug: "23:53:45 ..\..\src\propertyslider.cpp:315 EV: Set Volume" 
Debug: "23:53:45 ..\..\src\propertyslider.cpp:315 EV: Set Volume" 
Debug: "23:53:45 ..\..\src\propertyslider.cpp:315 EV: Set Volume" 
Debug: "23:53:45 ..\..\src\propertyslider.cpp:315 EV: Set Volume" 
Debug: "23:53:45 ..\..\src\propertyslider.cpp:315 EV: Set Volume" 
Debug: "23:53:45 ..\..\src\propertyslider.cpp:315 EV: Set Volume" 
Debug: "23:53:45 ..\..\src\propertyslider.cpp:315 EV: Set Volume" 
Debug: "23:53:45 ..\..\src\propertyslider.cpp:315 EV: Set Volume" 
Debug: "23:53:45 ..\..\src\propertyslider.cpp:315 EV: Set Volume" 
Debug: "23:53:45 ..\..\src\propertyslider.cpp:315 EV: Set Volume" 
Debug: "23:53:45 ..\..\src\propertyslider.cpp:315 EV: Set Volume" 
Debug: "23:53:45 ..\..\src\propertyslider.cpp:315 EV: Set Volume" 
Debug: "23:53:45 ..\..\src\propertyslider.cpp:315 EV: Set Volume" 
Debug: "23:53:45 ..\..\src\propertyslider.cpp:315 EV: Set Volume" 
Debug: "23:53:45 ..\..\src\propertyslider.cpp:315 EV: Set Volume" 
Debug: "23:53:45 ..\..\src\propertyslider.cpp:315 EV: Set Volume" 
Debug: "23:53:45 ..\..\src\propertyslider.cpp:315 EV: Set Volume" 
Debug: "23:53:45 ..\..\src\propertyslider.cpp:315 EV: Set Volume" 
Debug: "23:53:45 ..\..\src\propertyslider.cpp:315 EV: Set Volume" 
Debug: "23:53:45 ..\..\src\propertyslider.cpp:315 EV: Set Volume" 
Debug: "23:53:45 ..\..\src\propertyslider.cpp:315 EV: Set Volume" 
Debug: "23:53:45 ..\..\src\propertyslider.cpp:315 EV: Set Volume" 
Debug: "23:53:45 ..\..\src\propertyslider.cpp:315 EV: Set Volume" 
Debug: "23:53:45 ..\..\src\propertyslider.cpp:315 EV: Set Volume" 
Debug: "23:53:45 ..\..\src\propertyslider.cpp:315 EV: Set Volume" 
Debug: "23:53:45 ..\..\src\propertyslider.cpp:315 EV: Set Volume" 
Debug: "23:53:45 ..\..\src\propertyslider.cpp:315 EV: Set Volume" 
Debug: "23:53:45 ..\..\src\propertyslider.cpp:315 EV: Set Volume" 
Debug: "23:53:45 ..\..\src\propertyslider.cpp:315 EV: Set Volume" 
Debug: "23:53:45 ..\..\src\propertyslider.cpp:315 EV: Set Volume" 
Debug: "23:53:45 ..\..\src\propertyslider.cpp:315 EV: Set Volume" 
Debug: "23:53:45 ..\..\src\propertyslider.cpp:315 EV: Set Volume" 
Debug: "23:53:45 ..\..\src\propertyslider.cpp:315 EV: Set Volume" 
Debug: "23:53:45 ..\..\src\propertyslider.cpp:315 EV: Set Volume" 
Debug: "23:53:45 ..\..\src\propertyslider.cpp:315 EV: Set Volume" 
Debug: "23:53:45 ..\..\src\propertyslider.cpp:315 EV: Set Volume" 
Debug: "23:53:45 ..\..\src\propertyslider.cpp:315 EV: Set Volume" 
Debug: "23:53:45 ..\..\src\propertyslider.cpp:315 EV: Set Volume" 
Debug: "23:53:45 ..\..\src\propertyslider.cpp:315 EV: Set Volume" 
Debug: "23:53:45 ..\..\src\propertyslider.cpp:315 EV: Set Volume" 
Debug: "23:53:45 ..\..\src\propertyslider.cpp:315 EV: Set Volume" 
Debug: "23:53:45 ..\..\src\propertyslider.cpp:315 EV: Set Volume" 
Debug: "23:53:45 ..\..\src\propertyslider.cpp:315 EV: Set Volume" 
Debug: "23:53:45 ..\..\src\propertyslider.cpp:315 EV: Set Volume" 
Debug: "23:53:45 ..\..\src\propertyslider.cpp:315 EV: Set Volume" 
Debug: "23:53:45 ..\..\src\propertyslider.cpp:315 EV: Set Volume" 
Debug: "23:53:45 ..\..\src\propertyslider.cpp:315 EV: Set Volume" 
Debug: "23:53:45 ..\..\src\propertyslider.cpp:315 EV: Set Volume" 
Debug: "23:53:45 ..\..\src\propertyslider.cpp:315 EV: Set Volume" 
Debug: "23:53:45 ..\..\src\propertyslider.cpp:315 EV: Set Volume" 
Debug: "23:53:46 ..\..\src\propertyslider.cpp:315 EV: Set Volume" 
Debug: "23:53:46 ..\..\src\propertyslider.cpp:315 EV: Set Volume" 
Debug: "23:53:46 ..\..\src\propertyslider.cpp:315 EV: Set Volume" 
Debug: "23:53:46 ..\..\src\propertyslider.cpp:315 EV: Set Volume" 
Debug: "23:53:46 ..\..\src\propertyslider.cpp:315 EV: Set Volume" 
Debug: "23:53:46 ..\..\src\propertyslider.cpp:315 EV: Set Volume" 
Debug: "23:53:46 ..\..\src\propertyslider.cpp:315 EV: Set Volume" 
Debug: "23:53:46 ..\..\src\propertyslider.cpp:315 EV: Set Volume" 
Debug: "23:53:46 ..\..\src\propertyslider.cpp:315 EV: Set Volume" 
Debug: "23:53:46 ..\..\src\propertyslider.cpp:315 EV: Set Volume" 
Debug: "23:53:46 ..\..\src\propertyslider.cpp:315 EV: Set Volume" 
Debug: "23:53:46 ..\..\src\propertyslider.cpp:315 EV: Set Volume" 
Debug: "23:53:46 ..\..\src\propertyslider.cpp:315 EV: Set Volume" 
Debug: "23:53:46 ..\..\src\propertyslider.cpp:315 EV: Set Volume" 
Debug: "23:53:46 ..\..\src\propertyslider.cpp:315 EV: Set Volume" 
Debug: "23:53:46 ..\..\src\propertyslider.cpp:315 EV: Set Volume" 
Debug: "23:53:46 ..\..\src\propertyslider.cpp:315 EV: Set Volume" 
Debug: "23:53:46 ..\..\src\propertyslider.cpp:315 EV: Set Volume" 
Debug: "23:53:46 ..\..\src\propertyslider.cpp:315 EV: Set Volume" 
Debug: "23:53:46 ..\..\src\propertyslider.cpp:315 EV: Set Volume" 
Debug: "23:53:46 ..\..\src\propertyslider.cpp:315 EV: Set Volume" 
Debug: "23:53:46 ..\..\src\propertyslider.cpp:315 EV: Set Volume" 
Debug: "23:53:46 ..\..\src\propertyslider.cpp:315 EV: Set Volume" 
Debug: "23:53:46 ..\..\src\propertyslider.cpp:315 EV: Set Volume" 
Debug: "23:53:46 ..\..\src\propertyslider.cpp:315 EV: Set Volume" 
Debug: "23:53:46 ..\..\src\propertyslider.cpp:315 EV: Set Volume" 
Debug: "23:53:46 ..\..\src\propertyslider.cpp:315 EV: Set Volume" 
Debug: "23:53:46 ..\..\src\propertyslider.cpp:315 EV: Set Volume" 
Debug: "23:53:47 ..\..\src\propertyslider.cpp:315 EV: Set Volume" 
Debug: "23:53:47 ..\..\src\propertyslider.cpp:315 EV: Set Volume" 
Debug: "23:53:47 ..\..\src\propertyslider.cpp:315 EV: Set Volume" 
Debug: "23:53:47 ..\..\src\propertyslider.cpp:315 EV: Set Volume" 
Debug: "23:53:47 ..\..\src\propertyslider.cpp:315 EV: Set Volume" 
Debug: "23:53:47 ..\..\src\propertyslider.cpp:315 EV: Set Volume" 
Debug: "23:53:47 ..\..\src\propertyslider.cpp:315 EV: Set Volume" 
Debug: "23:53:47 ..\..\src\propertyslider.cpp:315 EV: Set Volume" 
Debug: 
Building project 'morse_level_shared'...
Debug: Building project C:\Program Files (x86)\Steam\steamapps\common\Amnesia Rebirth\mods\Morse\assets\sounds\level\level_shared\morse_level_shared.fev...
Debug: Unique sound defs 2/4
Debug: Retrieving sound file info...
Debug: Retrieving reverb info...
Debug: FEV file written ok
Debug: Unique Envelope Points: 0 of 0
Debug: Unique Strings: 202 characters of 202
Debug: Caching sound file details for ''...
Debug: src_sounds\amb\sweetener\animal\flies.ogg
Debug: src_sounds\amb\sweetener\animal\flies_loop.ogg
Debug: src_sounds\amb\sweetener\animal\fly_bat_1.ogg
Debug: src_sounds\amb\sweetener\animal\fly_bat_2.ogg
Debug: src_sounds\amb\sweetener\animal\fly_bat_3.ogg
Debug: src_sounds\amb\sweetener\animal\fly_bat_4.ogg
Debug: src_sounds\amb\sweetener\animal\fly_bat_5.ogg
Debug: src_sounds\amb\sweetener\animal\fly_bat_6.ogg
Debug: src_sounds\amb\sweetener\animal\fly_bat_7.ogg
Debug: src_sounds\amb\sweetener\animal\fly_bat_8.ogg
Debug: src_sounds\amb\sweetener\animal\scare_loon1.ogg
Debug: src_sounds\amb\sweetener\animal\scare_loon2.ogg
Debug: src_sounds\amb\sweetener\animal\scare_loon3.ogg
Debug: src_sounds\amb\sweetener\animal\scare_loon4.ogg
Debug: Building 'morse_level_shared_bank00.fsb'
Debug: Encoded C:\Program Files (x86)\Steam\steamapps\common\Amnesia Rebirth\mods\Morse\assets\sounds\level\level_shared\src_sounds\amb\sweetener\animal\flies_loop.ogg
Debug: Encoded C:\Program Files (x86)\Steam\steamapps\common\Amnesia Rebirth\mods\Morse\assets\sounds\level\level_shared\src_sounds\amb\sweetener\animal\flies.ogg
Debug: Encoded C:\Program Files (x86)\Steam\steamapps\common\Amnesia Rebirth\mods\Morse\assets\sounds\level\level_shared\src_sounds\amb\sweetener\animal\fly_bat_1.ogg
Debug: Encoded C:\Program Files (x86)\Steam\steamapps\common\Amnesia Rebirth\mods\Morse\assets\sounds\level\level_shared\src_sounds\amb\sweetener\animal\fly_bat_2.ogg
Debug: Encoded C:\Program Files (x86)\Steam\steamapps\common\Amnesia Rebirth\mods\Morse\assets\sounds\level\level_shared\src_sounds\amb\sweetener\animal\fly_bat_3.ogg
Debug: Encoded C:\Program Files (x86)\Steam\steamapps\common\Amnesia Rebirth\mods\Morse\assets\sounds\level\level_shared\src_sounds\amb\sweetener\animal\fly_bat_4.ogg
Debug: Encoded C:\Program Files (x86)\Steam\steamapps\common\Amnesia Rebirth\mods\Morse\assets\sounds\level\level_shared\src_sounds\amb\sweetener\animal\fly_bat_5.ogg
Debug: Encoded C:\Program Files (x86)\Steam\steamapps\common\Amnesia Rebirth\mods\Morse\assets\sounds\level\level_shared\src_sounds\amb\sweetener\animal\fly_bat_6.ogg
Debug: Encoded C:\Program Files (x86)\Steam\steamapps\common\Amnesia Rebirth\mods\Morse\assets\sounds\level\level_shared\src_sounds\amb\sweetener\animal\fly_bat_7.ogg
Debug: Encoded C:\Program Files (x86)\Steam\steamapps\common\Amnesia Rebirth\mods\Morse\assets\sounds\level\level_shared\src_sounds\amb\sweetener\animal\fly_bat_8.ogg
Debug: Encoded C:\Program Files (x86)\Steam\steamapps\common\Amnesia Rebirth\mods\Morse\assets\sounds\level\level_shared\src_sounds\amb\sweetener\animal\scare_loon1.ogg
Debug: Encoded C:\Program Files (x86)\Steam\steamapps\common\Amnesia Rebirth\mods\Morse\assets\sounds\level\level_shared\src_sounds\amb\sweetener\animal\scare_loon2.ogg
Debug: Encoded C:\Program Files (x86)\Steam\steamapps\common\Amnesia Rebirth\mods\Morse\assets\sounds\level\level_shared\src_sounds\amb\sweetener\animal\scare_loon3.ogg
Debug: Encoded C:\Program Files (x86)\Steam\steamapps\common\Amnesia Rebirth\mods\Morse\assets\sounds\level\level_shared\src_sounds\amb\sweetener\animal\scare_loon4.ogg
Debug: Writing FSB...
Debug: Finished building FSB
Debug: 
Debug: 
Summary of build:
SUCCESS: C:/Program Files (x86)/Steam/steamapps/common/Amnesia Rebirth/mods/Morse/assets/sounds/level/level_shared/morse_level_shared.fev
SUCCESS: morse_level_shared_bank00.fsb
Debug: "23:54:33 ..\..\src\propertyeditor.cpp:2619 EO: Set x 3D Max Distance" 
Debug: 
Building project 'morse_level_shared'...
Debug: Building project C:\Program Files (x86)\Steam\steamapps\common\Amnesia Rebirth\mods\Morse\assets\sounds\level\level_shared\morse_level_shared.fev...
Debug: Unique sound defs 2/4
Debug: Retrieving sound file info...
Debug: Retrieving reverb info...
Debug: FEV file written ok
Debug: Unique Envelope Points: 0 of 0
Debug: Unique Strings: 202 characters of 202
Debug: Caching sound file details for ''...
Debug: src_sounds\amb\sweetener\animal\flies.ogg
Debug: src_sounds\amb\sweetener\animal\flies_loop.ogg
Debug: src_sounds\amb\sweetener\animal\fly_bat_1.ogg
Debug: src_sounds\amb\sweetener\animal\fly_bat_2.ogg
Debug: src_sounds\amb\sweetener\animal\fly_bat_3.ogg
Debug: src_sounds\amb\sweetener\animal\fly_bat_4.ogg
Debug: src_sounds\amb\sweetener\animal\fly_bat_5.ogg
Debug: src_sounds\amb\sweetener\animal\fly_bat_6.ogg
Debug: src_sounds\amb\sweetener\animal\fly_bat_7.ogg
Debug: src_sounds\amb\sweetener\animal\fly_bat_8.ogg
Debug: src_sounds\amb\sweetener\animal\scare_loon1.ogg
Debug: src_sounds\amb\sweetener\animal\scare_loon2.ogg
Debug: src_sounds\amb\sweetener\animal\scare_loon3.ogg
Debug: src_sounds\amb\sweetener\animal\scare_loon4.ogg
Debug: Building 'morse_level_shared_bank00.fsb'
Debug: Encoded C:\Program Files (x86)\Steam\steamapps\common\Amnesia Rebirth\mods\Morse\assets\sounds\level\level_shared\src_sounds\amb\sweetener\animal\flies.ogg
Debug: Encoded C:\Program Files (x86)\Steam\steamapps\common\Amnesia Rebirth\mods\Morse\assets\sounds\level\level_shared\src_sounds\amb\sweetener\animal\flies_loop.ogg
Debug: Encoded C:\Program Files (x86)\Steam\steamapps\common\Amnesia Rebirth\mods\Morse\assets\sounds\level\level_shared\src_sounds\amb\sweetener\animal\fly_bat_2.ogg
Debug: Encoded C:\Program Files (x86)\Steam\steamapps\common\Amnesia Rebirth\mods\Morse\assets\sounds\level\level_shared\src_sounds\amb\sweetener\animal\fly_bat_1.ogg
Debug: Encoded C:\Program Files (x86)\Steam\steamapps\common\Amnesia Rebirth\mods\Morse\assets\sounds\level\level_shared\src_sounds\amb\sweetener\animal\fly_bat_3.ogg
Debug: Encoded C:\Program Files (x86)\Steam\steamapps\common\Amnesia Rebirth\mods\Morse\assets\sounds\level\level_shared\src_sounds\amb\sweetener\animal\fly_bat_4.ogg
Debug: Encoded C:\Program Files (x86)\Steam\steamapps\common\Amnesia Rebirth\mods\Morse\assets\sounds\level\level_shared\src_sounds\amb\sweetener\animal\fly_bat_5.ogg
Debug: Encoded C:\Program Files (x86)\Steam\steamapps\common\Amnesia Rebirth\mods\Morse\assets\sounds\level\level_shared\src_sounds\amb\sweetener\animal\fly_bat_6.ogg
Debug: Encoded C:\Program Files (x86)\Steam\steamapps\common\Amnesia Rebirth\mods\Morse\assets\sounds\level\level_shared\src_sounds\amb\sweetener\animal\fly_bat_7.ogg
Debug: Encoded C:\Program Files (x86)\Steam\steamapps\common\Amnesia Rebirth\mods\Morse\assets\sounds\level\level_shared\src_sounds\amb\sweetener\animal\fly_bat_8.ogg
Debug: Encoded C:\Program Files (x86)\Steam\steamapps\common\Amnesia Rebirth\mods\Morse\assets\sounds\level\level_shared\src_sounds\amb\sweetener\animal\scare_loon1.ogg
Debug: Encoded C:\Program Files (x86)\Steam\steamapps\common\Amnesia Rebirth\mods\Morse\assets\sounds\level\level_shared\src_sounds\amb\sweetener\animal\scare_loon2.ogg
Debug: Encoded C:\Program Files (x86)\Steam\steamapps\common\Amnesia Rebirth\mods\Morse\assets\sounds\level\level_shared\src_sounds\amb\sweetener\animal\scare_loon4.ogg
Debug: Encoded C:\Program Files (x86)\Steam\steamapps\common\Amnesia Rebirth\mods\Morse\assets\sounds\level\level_shared\src_sounds\amb\sweetener\animal\scare_loon3.ogg
Debug: Writing FSB...
Debug: Finished building FSB
Debug: 
Debug: 
Summary of build:
SUCCESS: C:/Program Files (x86)/Steam/steamapps/common/Amnesia Rebirth/mods/Morse/assets/sounds/level/level_shared/morse_level_shared.fev
SUCCESS: morse_level_shared_bank00.fsb
